<?xml version="1.0" encoding="UTF-8"?>
<!-- Generated by org.testng.reporters.JUnitReportReporter -->
<testsuite skipped="0" hostname="ip-172-31-7-76" name="com.test.gridtest.selenium_grid_test.GridTest" tests="1" failures="0" timestamp="2020-12-05T16:11:20 UTC" time="0.707" errors="0">
  <testcase name="loadGoogleHomePageTest" time="0.707" classname="com.test.gridtest.selenium_grid_test.GridTest"/>
  <system-out/>
</testsuite> <!-- com.test.gridtest.selenium_grid_test.GridTest -->
